This file contains any messages produced by compilers while
running configure, to aid debugging if configure makes a mistake.

It was created by Maude configure alpha96a, which was
generated by GNU Autoconf 2.61.  Invocation command line was

  $ ./configure CPPFLAGS=-I/home/andrei/pl-maude/local/include LDFLAGS=-static -L/home/andrei/pl-maude/local/lib

## --------- ##
## Platform. ##
## --------- ##

hostname = fslwork
uname -m = x86_64
uname -r = 3.2.0-32-generic
uname -s = Linux
uname -v = #51-Ubuntu SMP Wed Sep 26 21:33:09 UTC 2012

/usr/bin/uname -p = unknown
/bin/uname -X     = unknown

/bin/arch              = unknown
/usr/bin/arch -k       = unknown
/usr/convex/getsysinfo = unknown
/usr/bin/hostinfo      = unknown
/bin/machine           = unknown
/usr/bin/oslevel       = unknown
/bin/universe          = unknown

PATH: /home/andrei/local/bin
PATH: /usr/local/sbin
PATH: /usr/local/bin
PATH: /usr/sbin
PATH: /usr/bin
PATH: /sbin
PATH: /bin
PATH: /usr/games


## ----------- ##
## Core tests. ##
## ----------- ##

configure:1820: checking build system type
configure:1838: result: x86_64-unknown-linux-gnu
configure:1860: checking host system type
configure:1875: result: x86_64-unknown-linux-gnu
configure:1915: checking for a BSD-compatible install
configure:1971: result: /usr/bin/install -c
configure:1982: checking whether build environment is sane
configure:2025: result: yes
configure:2053: checking for a thread-safe mkdir -p
configure:2092: result: /bin/mkdir -p
configure:2105: checking for gawk
configure:2135: result: no
configure:2105: checking for mawk
configure:2121: found /usr/bin/mawk
configure:2132: result: mawk
configure:2143: checking whether make sets $(MAKE)
configure:2164: result: yes
configure:2424: checking for gcc
configure:2440: found /usr/bin/gcc
configure:2451: result: gcc
configure:2689: checking for C compiler version
configure:2696: gcc --version >&5
gcc (Ubuntu/Linaro 4.6.3-1ubuntu5) 4.6.3
Copyright (C) 2011 Free Software Foundation, Inc.
This is free software; see the source for copying conditions.  There is NO
warranty; not even for MERCHANTABILITY or FITNESS FOR A PARTICULAR PURPOSE.

configure:2699: $? = 0
configure:2706: gcc -v >&5
Using built-in specs.
COLLECT_GCC=gcc
COLLECT_LTO_WRAPPER=/usr/lib/gcc/x86_64-linux-gnu/4.6/lto-wrapper
Target: x86_64-linux-gnu
Configured with: ../src/configure -v --with-pkgversion='Ubuntu/Linaro 4.6.3-1ubuntu5' --with-bugurl=file:///usr/share/doc/gcc-4.6/README.Bugs --enable-languages=c,c++,fortran,objc,obj-c++ --prefix=/usr --program-suffix=-4.6 --enable-shared --enable-linker-build-id --with-system-zlib --libexecdir=/usr/lib --without-included-gettext --enable-threads=posix --with-gxx-include-dir=/usr/include/c++/4.6 --libdir=/usr/lib --enable-nls --with-sysroot=/ --enable-clocale=gnu --enable-libstdcxx-debug --enable-libstdcxx-time=yes --enable-gnu-unique-object --enable-plugin --enable-objc-gc --disable-werror --with-arch-32=i686 --with-tune=generic --enable-checking=release --build=x86_64-linux-gnu --host=x86_64-linux-gnu --target=x86_64-linux-gnu
Thread model: posix
gcc version 4.6.3 (Ubuntu/Linaro 4.6.3-1ubuntu5) 
configure:2709: $? = 0
configure:2716: gcc -V >&5
gcc: error: unrecognized option '-V'
gcc: fatal error: no input files
compilation terminated.
configure:2719: $? = 4
configure:2742: checking for C compiler default output file name
configure:2769: gcc -g -Wall -I/home/andrei/pl-maude/local/include -static -L/home/andrei/pl-maude/local/lib conftest.c  >&5
configure:2772: $? = 0
configure:2810: result: a.out
configure:2827: checking whether the C compiler works
configure:2837: ./a.out
configure:2840: $? = 0
configure:2857: result: yes
configure:2864: checking whether we are cross compiling
configure:2866: result: no
configure:2869: checking for suffix of executables
configure:2876: gcc -o conftest -g -Wall -I/home/andrei/pl-maude/local/include -static -L/home/andrei/pl-maude/local/lib conftest.c  >&5
configure:2879: $? = 0
configure:2903: result: 
configure:2909: checking for suffix of object files
configure:2935: gcc -c -g -Wall -I/home/andrei/pl-maude/local/include conftest.c >&5
configure:2938: $? = 0
configure:2961: result: o
configure:2965: checking whether we are using the GNU C compiler
configure:2994: gcc -c -g -Wall -I/home/andrei/pl-maude/local/include conftest.c >&5
configure:3000: $? = 0
configure:3017: result: yes
configure:3022: checking whether gcc accepts -g
configure:3052: gcc -c -g -I/home/andrei/pl-maude/local/include conftest.c >&5
configure:3058: $? = 0
configure:3157: result: yes
configure:3174: checking for gcc option to accept ISO C89
configure:3248: gcc  -c -g -Wall -I/home/andrei/pl-maude/local/include conftest.c >&5
configure:3254: $? = 0
configure:3277: result: none needed
configure:3306: checking for style of include used by make
configure:3334: result: GNU
configure:3359: checking dependency style of gcc
configure:3450: result: gcc3
configure:3523: checking for g++
configure:3539: found /usr/bin/g++
configure:3550: result: g++
configure:3581: checking for C++ compiler version
configure:3588: g++ --version >&5
g++ (Ubuntu/Linaro 4.6.3-1ubuntu5) 4.6.3
Copyright (C) 2011 Free Software Foundation, Inc.
This is free software; see the source for copying conditions.  There is NO
warranty; not even for MERCHANTABILITY or FITNESS FOR A PARTICULAR PURPOSE.

configure:3591: $? = 0
configure:3598: g++ -v >&5
Using built-in specs.
COLLECT_GCC=g++
COLLECT_LTO_WRAPPER=/usr/lib/gcc/x86_64-linux-gnu/4.6/lto-wrapper
Target: x86_64-linux-gnu
Configured with: ../src/configure -v --with-pkgversion='Ubuntu/Linaro 4.6.3-1ubuntu5' --with-bugurl=file:///usr/share/doc/gcc-4.6/README.Bugs --enable-languages=c,c++,fortran,objc,obj-c++ --prefix=/usr --program-suffix=-4.6 --enable-shared --enable-linker-build-id --with-system-zlib --libexecdir=/usr/lib --without-included-gettext --enable-threads=posix --with-gxx-include-dir=/usr/include/c++/4.6 --libdir=/usr/lib --enable-nls --with-sysroot=/ --enable-clocale=gnu --enable-libstdcxx-debug --enable-libstdcxx-time=yes --enable-gnu-unique-object --enable-plugin --enable-objc-gc --disable-werror --with-arch-32=i686 --with-tune=generic --enable-checking=release --build=x86_64-linux-gnu --host=x86_64-linux-gnu --target=x86_64-linux-gnu
Thread model: posix
gcc version 4.6.3 (Ubuntu/Linaro 4.6.3-1ubuntu5) 
configure:3601: $? = 0
configure:3608: g++ -V >&5
g++: error: unrecognized option '-V'
g++: fatal error: no input files
compilation terminated.
configure:3611: $? = 4
configure:3614: checking whether we are using the GNU C++ compiler
configure:3643: g++ -c -g -Wall -I/home/andrei/pl-maude/local/include conftest.cpp >&5
configure:3649: $? = 0
configure:3666: result: yes
configure:3671: checking whether g++ accepts -g
configure:3701: g++ -c -g -I/home/andrei/pl-maude/local/include conftest.cpp >&5
configure:3707: $? = 0
configure:3806: result: yes
configure:3831: checking dependency style of g++
configure:3922: result: gcc3
configure:3938: checking g++ compiler version
configure:3941: result: 4.6
configure:3987: checking for ranlib
configure:4003: found /usr/bin/ranlib
configure:4014: result: ranlib
configure:4056: checking for inet_addr in -lnsl
configure:4091: gcc -o conftest -g -Wall -I/home/andrei/pl-maude/local/include -static -L/home/andrei/pl-maude/local/lib conftest.c -lnsl   >&5
configure:4097: $? = 0
configure:4115: result: yes
configure:4127: checking for socket in -lsocket
configure:4162: gcc -o conftest -g -Wall -I/home/andrei/pl-maude/local/include -static -L/home/andrei/pl-maude/local/lib conftest.c -lsocket  -lnsl  >&5
/usr/bin/ld: cannot find -lsocket
collect2: ld returned 1 exit status
configure:4168: $? = 1
configure: failed program was:
| /* confdefs.h.  */
| #define PACKAGE_NAME "Maude"
| #define PACKAGE_TARNAME "maude"
| #define PACKAGE_VERSION "alpha96a"
| #define PACKAGE_STRING "Maude alpha96a"
| #define PACKAGE_BUGREPORT "maude-bugs@maude.cs.uiuc.edu"
| #define PACKAGE "Maude"
| #define VERSION "alpha96a"
| #define HAVE_LIBNSL 1
| /* end confdefs.h.  */
| 
| /* Override any GCC internal prototype to avoid an error.
|    Use char because int might match the return type of a GCC
|    builtin and then its argument prototype would still apply.  */
| #ifdef __cplusplus
| extern "C"
| #endif
| char socket ();
| int
| main ()
| {
| return socket ();
|   ;
|   return 0;
| }
configure:4186: result: no
configure:4301: checking whether time.h and sys/time.h may both be included
configure:4331: g++ -c -g -Wall -I/home/andrei/pl-maude/local/include conftest.cpp >&5
configure:4337: $? = 0
configure:4352: result: yes
configure:4367: checking how to run the C++ preprocessor
configure:4403: g++ -E -I/home/andrei/pl-maude/local/include conftest.cpp
configure:4409: $? = 0
configure:4440: g++ -E -I/home/andrei/pl-maude/local/include conftest.cpp
conftest.cpp:14:28: fatal error: ac_nonexistent.h: No such file or directory
compilation terminated.
configure:4446: $? = 1
configure: failed program was:
| /* confdefs.h.  */
| #define PACKAGE_NAME "Maude"
| #define PACKAGE_TARNAME "maude"
| #define PACKAGE_VERSION "alpha96a"
| #define PACKAGE_STRING "Maude alpha96a"
| #define PACKAGE_BUGREPORT "maude-bugs@maude.cs.uiuc.edu"
| #define PACKAGE "Maude"
| #define VERSION "alpha96a"
| #define HAVE_LIBNSL 1
| #define USE_TECLA
| #define USE_LIBSIGSEGV
| #define TIME_WITH_SYS_TIME 1
| /* end confdefs.h.  */
| #include <ac_nonexistent.h>
configure:4479: result: g++ -E
configure:4508: g++ -E -I/home/andrei/pl-maude/local/include conftest.cpp
configure:4514: $? = 0
configure:4545: g++ -E -I/home/andrei/pl-maude/local/include conftest.cpp
conftest.cpp:14:28: fatal error: ac_nonexistent.h: No such file or directory
compilation terminated.
configure:4551: $? = 1
configure: failed program was:
| /* confdefs.h.  */
| #define PACKAGE_NAME "Maude"
| #define PACKAGE_TARNAME "maude"
| #define PACKAGE_VERSION "alpha96a"
| #define PACKAGE_STRING "Maude alpha96a"
| #define PACKAGE_BUGREPORT "maude-bugs@maude.cs.uiuc.edu"
| #define PACKAGE "Maude"
| #define VERSION "alpha96a"
| #define HAVE_LIBNSL 1
| #define USE_TECLA
| #define USE_LIBSIGSEGV
| #define TIME_WITH_SYS_TIME 1
| /* end confdefs.h.  */
| #include <ac_nonexistent.h>
configure:4589: checking for grep that handles long lines and -e
configure:4663: result: /bin/grep
configure:4668: checking for egrep
configure:4746: result: /bin/grep -E
configure:4751: checking for ANSI C header files
configure:4781: g++ -c -g -Wall -I/home/andrei/pl-maude/local/include conftest.cpp >&5
configure:4787: $? = 0
configure:4886: g++ -o conftest -g -Wall -I/home/andrei/pl-maude/local/include -static -L/home/andrei/pl-maude/local/lib conftest.cpp -lnsl  >&5
configure:4889: $? = 0
configure:4895: ./conftest
configure:4898: $? = 0
configure:4915: result: yes
configure:4939: checking for sys/types.h
configure:4960: g++ -c -g -Wall -I/home/andrei/pl-maude/local/include conftest.cpp >&5
configure:4966: $? = 0
configure:4982: result: yes
configure:4939: checking for sys/stat.h
configure:4960: g++ -c -g -Wall -I/home/andrei/pl-maude/local/include conftest.cpp >&5
configure:4966: $? = 0
configure:4982: result: yes
configure:4939: checking for stdlib.h
configure:4960: g++ -c -g -Wall -I/home/andrei/pl-maude/local/include conftest.cpp >&5
configure:4966: $? = 0
configure:4982: result: yes
configure:4939: checking for string.h
configure:4960: g++ -c -g -Wall -I/home/andrei/pl-maude/local/include conftest.cpp >&5
configure:4966: $? = 0
configure:4982: result: yes
configure:4939: checking for memory.h
configure:4960: g++ -c -g -Wall -I/home/andrei/pl-maude/local/include conftest.cpp >&5
configure:4966: $? = 0
configure:4982: result: yes
configure:4939: checking for strings.h
configure:4960: g++ -c -g -Wall -I/home/andrei/pl-maude/local/include conftest.cpp >&5
configure:4966: $? = 0
configure:4982: result: yes
configure:4939: checking for inttypes.h
configure:4960: g++ -c -g -Wall -I/home/andrei/pl-maude/local/include conftest.cpp >&5
configure:4966: $? = 0
configure:4982: result: yes
configure:4939: checking for stdint.h
configure:4960: g++ -c -g -Wall -I/home/andrei/pl-maude/local/include conftest.cpp >&5
configure:4966: $? = 0
configure:4982: result: yes
configure:4939: checking for unistd.h
configure:4960: g++ -c -g -Wall -I/home/andrei/pl-maude/local/include conftest.cpp >&5
configure:4966: $? = 0
configure:4982: result: yes
configure:5009: checking sys/time.h usability
configure:5026: g++ -c -g -Wall -I/home/andrei/pl-maude/local/include conftest.cpp >&5
configure:5032: $? = 0
configure:5046: result: yes
configure:5050: checking sys/time.h presence
configure:5065: g++ -E -I/home/andrei/pl-maude/local/include conftest.cpp
configure:5071: $? = 0
configure:5085: result: yes
configure:5118: checking for sys/time.h
configure:5126: result: yes
configure:5154: checking math.h usability
configure:5171: g++ -c -g -Wall -I/home/andrei/pl-maude/local/include conftest.cpp >&5
configure:5177: $? = 0
configure:5191: result: yes
configure:5195: checking math.h presence
configure:5210: g++ -E -I/home/andrei/pl-maude/local/include conftest.cpp
configure:5216: $? = 0
configure:5230: result: yes
configure:5263: checking for math.h
configure:5271: result: yes
configure:5299: checking ieeefp.h usability
configure:5316: g++ -c -g -Wall -I/home/andrei/pl-maude/local/include conftest.cpp >&5
conftest.cpp:59:20: fatal error: ieeefp.h: No such file or directory
compilation terminated.
configure:5322: $? = 1
configure: failed program was:
| /* confdefs.h.  */
| #define PACKAGE_NAME "Maude"
| #define PACKAGE_TARNAME "maude"
| #define PACKAGE_VERSION "alpha96a"
| #define PACKAGE_STRING "Maude alpha96a"
| #define PACKAGE_BUGREPORT "maude-bugs@maude.cs.uiuc.edu"
| #define PACKAGE "Maude"
| #define VERSION "alpha96a"
| #define HAVE_LIBNSL 1
| #define USE_TECLA
| #define USE_LIBSIGSEGV
| #define TIME_WITH_SYS_TIME 1
| #define STDC_HEADERS 1
| #define HAVE_SYS_TYPES_H 1
| #define HAVE_SYS_STAT_H 1
| #define HAVE_STDLIB_H 1
| #define HAVE_STRING_H 1
| #define HAVE_MEMORY_H 1
| #define HAVE_STRINGS_H 1
| #define HAVE_INTTYPES_H 1
| #define HAVE_STDINT_H 1
| #define HAVE_UNISTD_H 1
| #define HAVE_SYS_TIME_H 1
| #define HAVE_MATH_H 1
| /* end confdefs.h.  */
| #include <stdio.h>
| #ifdef HAVE_SYS_TYPES_H
| # include <sys/types.h>
| #endif
| #ifdef HAVE_SYS_STAT_H
| # include <sys/stat.h>
| #endif
| #ifdef STDC_HEADERS
| # include <stdlib.h>
| # include <stddef.h>
| #else
| # ifdef HAVE_STDLIB_H
| #  include <stdlib.h>
| # endif
| #endif
| #ifdef HAVE_STRING_H
| # if !defined STDC_HEADERS && defined HAVE_MEMORY_H
| #  include <memory.h>
| # endif
| # include <string.h>
| #endif
| #ifdef HAVE_STRINGS_H
| # include <strings.h>
| #endif
| #ifdef HAVE_INTTYPES_H
| # include <inttypes.h>
| #endif
| #ifdef HAVE_STDINT_H
| # include <stdint.h>
| #endif
| #ifdef HAVE_UNISTD_H
| # include <unistd.h>
| #endif
| #include <ieeefp.h>
configure:5336: result: no
configure:5340: checking ieeefp.h presence
configure:5355: g++ -E -I/home/andrei/pl-maude/local/include conftest.cpp
conftest.cpp:26:20: fatal error: ieeefp.h: No such file or directory
compilation terminated.
configure:5361: $? = 1
configure: failed program was:
| /* confdefs.h.  */
| #define PACKAGE_NAME "Maude"
| #define PACKAGE_TARNAME "maude"
| #define PACKAGE_VERSION "alpha96a"
| #define PACKAGE_STRING "Maude alpha96a"
| #define PACKAGE_BUGREPORT "maude-bugs@maude.cs.uiuc.edu"
| #define PACKAGE "Maude"
| #define VERSION "alpha96a"
| #define HAVE_LIBNSL 1
| #define USE_TECLA
| #define USE_LIBSIGSEGV
| #define TIME_WITH_SYS_TIME 1
| #define STDC_HEADERS 1
| #define HAVE_SYS_TYPES_H 1
| #define HAVE_SYS_STAT_H 1
| #define HAVE_STDLIB_H 1
| #define HAVE_STRING_H 1
| #define HAVE_MEMORY_H 1
| #define HAVE_STRINGS_H 1
| #define HAVE_INTTYPES_H 1
| #define HAVE_STDINT_H 1
| #define HAVE_UNISTD_H 1
| #define HAVE_SYS_TIME_H 1
| #define HAVE_MATH_H 1
| /* end confdefs.h.  */
| #include <ieeefp.h>
configure:5375: result: no
configure:5408: checking for ieeefp.h
configure:5416: result: no
configure:5444: checking sys/termios.h usability
configure:5461: g++ -c -g -Wall -I/home/andrei/pl-maude/local/include conftest.cpp >&5
configure:5467: $? = 0
configure:5481: result: yes
configure:5485: checking sys/termios.h presence
configure:5500: g++ -E -I/home/andrei/pl-maude/local/include conftest.cpp
configure:5506: $? = 0
configure:5520: result: yes
configure:5553: checking for sys/termios.h
configure:5561: result: yes
configure:5589: checking stddef.h usability
configure:5606: g++ -c -g -Wall -I/home/andrei/pl-maude/local/include conftest.cpp >&5
configure:5612: $? = 0
configure:5626: result: yes
configure:5630: checking stddef.h presence
configure:5645: g++ -E -I/home/andrei/pl-maude/local/include conftest.cpp
configure:5651: $? = 0
configure:5665: result: yes
configure:5698: checking for stddef.h
configure:5706: result: yes
configure:5734: checking limits.h usability
configure:5751: g++ -c -g -Wall -I/home/andrei/pl-maude/local/include conftest.cpp >&5
configure:5757: $? = 0
configure:5771: result: yes
configure:5775: checking limits.h presence
configure:5790: g++ -E -I/home/andrei/pl-maude/local/include conftest.cpp
configure:5796: $? = 0
configure:5810: result: yes
configure:5843: checking for limits.h
configure:5851: result: yes
configure:5869: checking for stdlib.h
configure:5875: result: yes
configure:6024: checking stdio.h usability
configure:6041: g++ -c -g -Wall -I/home/andrei/pl-maude/local/include conftest.cpp >&5
configure:6047: $? = 0
configure:6061: result: yes
configure:6065: checking stdio.h presence
configure:6080: g++ -E -I/home/andrei/pl-maude/local/include conftest.cpp
configure:6086: $? = 0
configure:6100: result: yes
configure:6133: checking for stdio.h
configure:6141: result: yes
configure:6169: checking ctype.h usability
configure:6186: g++ -c -g -Wall -I/home/andrei/pl-maude/local/include conftest.cpp >&5
configure:6192: $? = 0
configure:6206: result: yes
configure:6210: checking ctype.h presence
configure:6225: g++ -E -I/home/andrei/pl-maude/local/include conftest.cpp
configure:6231: $? = 0
configure:6245: result: yes
configure:6278: checking for ctype.h
configure:6286: result: yes
configure:6304: checking for unistd.h
configure:6310: result: yes
configure:6459: checking ostream usability
configure:6476: g++ -c -g -Wall -I/home/andrei/pl-maude/local/include conftest.cpp >&5
configure:6482: $? = 0
configure:6496: result: yes
configure:6500: checking ostream presence
configure:6515: g++ -E -I/home/andrei/pl-maude/local/include conftest.cpp
configure:6521: $? = 0
configure:6535: result: yes
configure:6568: checking for ostream
configure:6576: result: yes
configure:6604: checking ostream.h usability
configure:6621: g++ -c -g -Wall -I/home/andrei/pl-maude/local/include conftest.cpp >&5
conftest.cpp:67:21: fatal error: ostream.h: No such file or directory
compilation terminated.
configure:6627: $? = 1
configure: failed program was:
| /* confdefs.h.  */
| #define PACKAGE_NAME "Maude"
| #define PACKAGE_TARNAME "maude"
| #define PACKAGE_VERSION "alpha96a"
| #define PACKAGE_STRING "Maude alpha96a"
| #define PACKAGE_BUGREPORT "maude-bugs@maude.cs.uiuc.edu"
| #define PACKAGE "Maude"
| #define VERSION "alpha96a"
| #define HAVE_LIBNSL 1
| #define USE_TECLA
| #define USE_LIBSIGSEGV
| #define TIME_WITH_SYS_TIME 1
| #define STDC_HEADERS 1
| #define HAVE_SYS_TYPES_H 1
| #define HAVE_SYS_STAT_H 1
| #define HAVE_STDLIB_H 1
| #define HAVE_STRING_H 1
| #define HAVE_MEMORY_H 1
| #define HAVE_STRINGS_H 1
| #define HAVE_INTTYPES_H 1
| #define HAVE_STDINT_H 1
| #define HAVE_UNISTD_H 1
| #define HAVE_SYS_TIME_H 1
| #define HAVE_MATH_H 1
| #define HAVE_SYS_TERMIOS_H 1
| #define HAVE_STDDEF_H 1
| #define HAVE_LIMITS_H 1
| #define HAVE_STDLIB_H 1
| #define HAVE_STDIO_H 1
| #define HAVE_CTYPE_H 1
| #define HAVE_UNISTD_H 1
| #define HAVE_OSTREAM 1
| /* end confdefs.h.  */
| #include <stdio.h>
| #ifdef HAVE_SYS_TYPES_H
| # include <sys/types.h>
| #endif
| #ifdef HAVE_SYS_STAT_H
| # include <sys/stat.h>
| #endif
| #ifdef STDC_HEADERS
| # include <stdlib.h>
| # include <stddef.h>
| #else
| # ifdef HAVE_STDLIB_H
| #  include <stdlib.h>
| # endif
| #endif
| #ifdef HAVE_STRING_H
| # if !defined STDC_HEADERS && defined HAVE_MEMORY_H
| #  include <memory.h>
| # endif
| # include <string.h>
| #endif
| #ifdef HAVE_STRINGS_H
| # include <strings.h>
| #endif
| #ifdef HAVE_INTTYPES_H
| # include <inttypes.h>
| #endif
| #ifdef HAVE_STDINT_H
| # include <stdint.h>
| #endif
| #ifdef HAVE_UNISTD_H
| # include <unistd.h>
| #endif
| #include <ostream.h>
configure:6641: result: no
configure:6645: checking ostream.h presence
configure:6660: g++ -E -I/home/andrei/pl-maude/local/include conftest.cpp
conftest.cpp:34:21: fatal error: ostream.h: No such file or directory
compilation terminated.
configure:6666: $? = 1
configure: failed program was:
| /* confdefs.h.  */
| #define PACKAGE_NAME "Maude"
| #define PACKAGE_TARNAME "maude"
| #define PACKAGE_VERSION "alpha96a"
| #define PACKAGE_STRING "Maude alpha96a"
| #define PACKAGE_BUGREPORT "maude-bugs@maude.cs.uiuc.edu"
| #define PACKAGE "Maude"
| #define VERSION "alpha96a"
| #define HAVE_LIBNSL 1
| #define USE_TECLA
| #define USE_LIBSIGSEGV
| #define TIME_WITH_SYS_TIME 1
| #define STDC_HEADERS 1
| #define HAVE_SYS_TYPES_H 1
| #define HAVE_SYS_STAT_H 1
| #define HAVE_STDLIB_H 1
| #define HAVE_STRING_H 1
| #define HAVE_MEMORY_H 1
| #define HAVE_STRINGS_H 1
| #define HAVE_INTTYPES_H 1
| #define HAVE_STDINT_H 1
| #define HAVE_UNISTD_H 1
| #define HAVE_SYS_TIME_H 1
| #define HAVE_MATH_H 1
| #define HAVE_SYS_TERMIOS_H 1
| #define HAVE_STDDEF_H 1
| #define HAVE_LIMITS_H 1
| #define HAVE_STDLIB_H 1
| #define HAVE_STDIO_H 1
| #define HAVE_CTYPE_H 1
| #define HAVE_UNISTD_H 1
| #define HAVE_OSTREAM 1
| /* end confdefs.h.  */
| #include <ostream.h>
configure:6680: result: no
configure:6713: checking for ostream.h
configure:6721: result: no
configure:6737: checking for short
configure:6767: g++ -c -g -Wall -I/home/andrei/pl-maude/local/include conftest.cpp >&5
configure:6773: $? = 0
configure:6788: result: yes
configure:6795: checking size of short
configure:7097: g++ -o conftest -g -Wall -I/home/andrei/pl-maude/local/include -static -L/home/andrei/pl-maude/local/lib conftest.cpp -lnsl  >&5
configure:7100: $? = 0
configure:7106: ./conftest
configure:7109: $? = 0
configure:7132: result: 2
configure:7142: checking for int
configure:7172: g++ -c -g -Wall -I/home/andrei/pl-maude/local/include conftest.cpp >&5
configure:7178: $? = 0
configure:7193: result: yes
configure:7200: checking size of int
configure:7502: g++ -o conftest -g -Wall -I/home/andrei/pl-maude/local/include -static -L/home/andrei/pl-maude/local/lib conftest.cpp -lnsl  >&5
configure:7505: $? = 0
configure:7511: ./conftest
configure:7514: $? = 0
configure:7537: result: 4
configure:7547: checking for long
configure:7577: g++ -c -g -Wall -I/home/andrei/pl-maude/local/include conftest.cpp >&5
configure:7583: $? = 0
configure:7598: result: yes
configure:7605: checking size of long
configure:7907: g++ -o conftest -g -Wall -I/home/andrei/pl-maude/local/include -static -L/home/andrei/pl-maude/local/lib conftest.cpp -lnsl  >&5
configure:7910: $? = 0
configure:7916: ./conftest
configure:7919: $? = 0
configure:7942: result: 8
configure:7952: checking for unsigned long
configure:7982: g++ -c -g -Wall -I/home/andrei/pl-maude/local/include conftest.cpp >&5
configure:7988: $? = 0
configure:8003: result: yes
configure:8010: checking size of unsigned long
configure:8312: g++ -o conftest -g -Wall -I/home/andrei/pl-maude/local/include -static -L/home/andrei/pl-maude/local/lib conftest.cpp -lnsl  >&5
configure:8315: $? = 0
configure:8321: ./conftest
configure:8324: $? = 0
configure:8347: result: 8
configure:8357: checking for void *
configure:8387: g++ -c -g -Wall -I/home/andrei/pl-maude/local/include conftest.cpp >&5
configure:8393: $? = 0
configure:8408: result: yes
configure:8415: checking size of void *
configure:8717: g++ -o conftest -g -Wall -I/home/andrei/pl-maude/local/include -static -L/home/andrei/pl-maude/local/lib conftest.cpp -lnsl  >&5
configure:8720: $? = 0
configure:8726: ./conftest
configure:8729: $? = 0
configure:8752: result: 8
configure:9162: creating ./config.status

## ---------------------- ##
## Running config.status. ##
## ---------------------- ##

This file was extended by Maude config.status alpha96a, which was
generated by GNU Autoconf 2.61.  Invocation command line was

  CONFIG_FILES    = 
  CONFIG_HEADERS  = 
  CONFIG_LINKS    = 
  CONFIG_COMMANDS = 
  $ ./config.status 

on fslwork

config.status:693: creating Makefile
config.status:693: creating src/Makefile
config.status:693: creating src/3rdParty/Makefile
config.status:693: creating src/Utility/Makefile
config.status:693: creating src/Temporal/Makefile
config.status:693: creating src/Interface/Makefile
config.status:693: creating src/Core/Makefile
config.status:693: creating src/Variable/Makefile
config.status:693: creating src/NA_Theory/Makefile
config.status:693: creating src/ACU_Persistent/Makefile
config.status:693: creating src/ACU_Theory/Makefile
config.status:693: creating src/AU_Persistent/Makefile
config.status:693: creating src/AU_Theory/Makefile
config.status:693: creating src/CUI_Theory/Makefile
config.status:693: creating src/S_Theory/Makefile
config.status:693: creating src/FreeTheory/Makefile
config.status:693: creating src/Higher/Makefile
config.status:693: creating src/BuiltIn/Makefile
config.status:693: creating src/IO_Stuff/Makefile
config.status:693: creating src/ObjectSystem/Makefile
config.status:693: creating src/Meta/Makefile
config.status:693: creating src/FullCompiler/Makefile
config.status:693: creating src/MSCP10/Makefile
config.status:693: creating src/StrategyLanguage/Makefile
config.status:693: creating src/Mixfix/Makefile
config.status:693: creating src/Main/Makefile
config.status:693: creating tests/Makefile
config.status:693: creating tests/BuiltIn/Makefile
config.status:693: creating tests/Meta/Makefile
config.status:693: creating tests/Misc/Makefile
config.status:693: creating tests/ResolvedBugs/Makefile
config.status:693: creating config.h
config.status:989: executing depfiles commands

## ---------------- ##
## Cache variables. ##
## ---------------- ##

ac_cv_build=x86_64-unknown-linux-gnu
ac_cv_c_compiler_gnu=yes
ac_cv_cxx_compiler_gnu=yes
ac_cv_env_CCC_set=
ac_cv_env_CCC_value=
ac_cv_env_CC_set=
ac_cv_env_CC_value=
ac_cv_env_CFLAGS_set=
ac_cv_env_CFLAGS_value=
ac_cv_env_CPPFLAGS_set=set
ac_cv_env_CPPFLAGS_value=-I/home/andrei/pl-maude/local/include
ac_cv_env_CXXCPP_set=
ac_cv_env_CXXCPP_value=
ac_cv_env_CXXFLAGS_set=
ac_cv_env_CXXFLAGS_value=
ac_cv_env_CXX_set=
ac_cv_env_CXX_value=
ac_cv_env_LDFLAGS_set=set
ac_cv_env_LDFLAGS_value='-static -L/home/andrei/pl-maude/local/lib'
ac_cv_env_LIBS_set=
ac_cv_env_LIBS_value=
ac_cv_env_build_alias_set=
ac_cv_env_build_alias_value=
ac_cv_env_host_alias_set=
ac_cv_env_host_alias_value=
ac_cv_env_target_alias_set=
ac_cv_env_target_alias_value=
ac_cv_header_ctype_h=yes
ac_cv_header_ieeefp_h=no
ac_cv_header_inttypes_h=yes
ac_cv_header_limits_h=yes
ac_cv_header_math_h=yes
ac_cv_header_memory_h=yes
ac_cv_header_ostream=yes
ac_cv_header_ostream_h=no
ac_cv_header_stdc=yes
ac_cv_header_stddef_h=yes
ac_cv_header_stdint_h=yes
ac_cv_header_stdio_h=yes
ac_cv_header_stdlib_h=yes
ac_cv_header_string_h=yes
ac_cv_header_strings_h=yes
ac_cv_header_sys_stat_h=yes
ac_cv_header_sys_termios_h=yes
ac_cv_header_sys_time_h=yes
ac_cv_header_sys_types_h=yes
ac_cv_header_time=yes
ac_cv_header_unistd_h=yes
ac_cv_host=x86_64-unknown-linux-gnu
ac_cv_lib_nsl_inet_addr=yes
ac_cv_lib_socket_socket=no
ac_cv_objext=o
ac_cv_path_EGREP='/bin/grep -E'
ac_cv_path_GREP=/bin/grep
ac_cv_path_install='/usr/bin/install -c'
ac_cv_path_mkdir=/bin/mkdir
ac_cv_prog_AWK=mawk
ac_cv_prog_CXXCPP='g++ -E'
ac_cv_prog_ac_ct_CC=gcc
ac_cv_prog_ac_ct_CXX=g++
ac_cv_prog_ac_ct_RANLIB=ranlib
ac_cv_prog_cc_c89=
ac_cv_prog_cc_g=yes
ac_cv_prog_cxx_g=yes
ac_cv_prog_make_make_set=yes
ac_cv_sizeof_int=4
ac_cv_sizeof_long=8
ac_cv_sizeof_short=2
ac_cv_sizeof_unsigned_long=8
ac_cv_sizeof_void_p=8
ac_cv_type_int=yes
ac_cv_type_long=yes
ac_cv_type_short=yes
ac_cv_type_unsigned_long=yes
ac_cv_type_void_p=yes
am_cv_CC_dependencies_compiler_type=gcc3
am_cv_CXX_dependencies_compiler_type=gcc3

## ----------------- ##
## Output variables. ##
## ----------------- ##

ACLOCAL='${SHELL} /home/andrei/Maude-alpha96a/missing --run aclocal-1.10'
AMDEPBACKSLASH='\'
AMDEP_FALSE='#'
AMDEP_TRUE=''
AMTAR='${SHELL} /home/andrei/Maude-alpha96a/missing --run tar'
AUTOCONF='${SHELL} /home/andrei/Maude-alpha96a/missing --run autoconf'
AUTOHEADER='${SHELL} /home/andrei/Maude-alpha96a/missing --run autoheader'
AUTOMAKE='${SHELL} /home/andrei/Maude-alpha96a/missing --run automake-1.10'
AWK='mawk'
BISON='bison'
BUDDY_LIB='-lbdd'
BUILD_COMPILER_FALSE=''
BUILD_COMPILER_TRUE='#'
CC='gcc'
CCDEPMODE='depmode=gcc3'
CFLAGS='-g -Wall -O2 -fomit-frame-pointer -fforce-addr -finline-limit=10000 -mpreferred-stack-boundary=4 '
CPPFLAGS='-I/home/andrei/pl-maude/local/include'
CXX='g++'
CXXCPP='g++ -E'
CXXDEPMODE='depmode=gcc3'
CXXFLAGS='-g -Wall -O2 -fomit-frame-pointer -fforce-addr -finline-limit=10000 -mpreferred-stack-boundary=4 '
CYGPATH_W='echo'
DEFS='-DHAVE_CONFIG_H'
DEPDIR='.deps'
ECHO_C=''
ECHO_N='-n'
ECHO_T=''
EGREP='/bin/grep -E'
EXEEXT=''
FLEX='flex'
GMP_LIBS='-lgmpxx -lgmp'
GREP='/bin/grep'
INSTALL_DATA='${INSTALL} -m 644'
INSTALL_PROGRAM='${INSTALL}'
INSTALL_SCRIPT='${INSTALL}'
INSTALL_STRIP_PROGRAM='$(install_sh) -c -s'
LDFLAGS='-static -L/home/andrei/pl-maude/local/lib'
LIBOBJS=''
LIBS='-lnsl '
LIBSIGSEGV_LIB='-lsigsegv'
LTLIBOBJS=''
MAKEINFO='${SHELL} /home/andrei/Maude-alpha96a/missing --run makeinfo'
OBJEXT='o'
PACKAGE='Maude'
PACKAGE_BUGREPORT='maude-bugs@maude.cs.uiuc.edu'
PACKAGE_NAME='Maude'
PACKAGE_STRING='Maude alpha96a'
PACKAGE_TARNAME='maude'
PACKAGE_VERSION='alpha96a'
PATH_SEPARATOR=':'
RANLIB='ranlib'
SET_MAKE=''
SHELL='/bin/bash'
STRIP=''
TECLA_LIBS='-ltecla -lcurses'
USE_DLMALLOC_FALSE=''
USE_DLMALLOC_TRUE='#'
VERSION='alpha96a'
ac_ct_CC='gcc'
ac_ct_CXX='g++'
am__fastdepCC_FALSE='#'
am__fastdepCC_TRUE=''
am__fastdepCXX_FALSE='#'
am__fastdepCXX_TRUE=''
am__include='include'
am__isrc=''
am__leading_dot='.'
am__quote=''
am__tar='${AMTAR} chof - "$$tardir"'
am__untar='${AMTAR} xf -'
bindir='${exec_prefix}/bin'
build='x86_64-unknown-linux-gnu'
build_alias=''
build_cpu='x86_64'
build_os='linux-gnu'
build_vendor='unknown'
datadir='${datarootdir}'
datarootdir='${prefix}/share'
docdir='${datarootdir}/doc/${PACKAGE_TARNAME}'
dvidir='${docdir}'
exec_prefix='${prefix}'
host='x86_64-unknown-linux-gnu'
host_alias=''
host_cpu='x86_64'
host_os='linux-gnu'
host_vendor='unknown'
htmldir='${docdir}'
includedir='${prefix}/include'
infodir='${datarootdir}/info'
install_sh='$(SHELL) /home/andrei/Maude-alpha96a/install-sh'
libdir='${exec_prefix}/lib'
libexecdir='${exec_prefix}/libexec'
localedir='${datarootdir}/locale'
localstatedir='${prefix}/var'
mandir='${datarootdir}/man'
mkdir_p='/bin/mkdir -p'
oldincludedir='/usr/include'
pdfdir='${docdir}'
prefix='/usr/local'
program_transform_name='s,x,x,'
psdir='${docdir}'
sbindir='${exec_prefix}/sbin'
sharedstatedir='${prefix}/com'
sysconfdir='${prefix}/etc'
target_alias=''

## ----------- ##
## confdefs.h. ##
## ----------- ##

#define PACKAGE_NAME "Maude"
#define PACKAGE_TARNAME "maude"
#define PACKAGE_VERSION "alpha96a"
#define PACKAGE_STRING "Maude alpha96a"
#define PACKAGE_BUGREPORT "maude-bugs@maude.cs.uiuc.edu"
#define PACKAGE "Maude"
#define VERSION "alpha96a"
#define HAVE_LIBNSL 1
#define USE_TECLA
#define USE_LIBSIGSEGV
#define TIME_WITH_SYS_TIME 1
#define STDC_HEADERS 1
#define HAVE_SYS_TYPES_H 1
#define HAVE_SYS_STAT_H 1
#define HAVE_STDLIB_H 1
#define HAVE_STRING_H 1
#define HAVE_MEMORY_H 1
#define HAVE_STRINGS_H 1
#define HAVE_INTTYPES_H 1
#define HAVE_STDINT_H 1
#define HAVE_UNISTD_H 1
#define HAVE_SYS_TIME_H 1
#define HAVE_MATH_H 1
#define HAVE_SYS_TERMIOS_H 1
#define HAVE_STDDEF_H 1
#define HAVE_LIMITS_H 1
#define HAVE_STDLIB_H 1
#define HAVE_STDIO_H 1
#define HAVE_CTYPE_H 1
#define HAVE_UNISTD_H 1
#define HAVE_OSTREAM 1
#define SIZEOF_SHORT 2
#define SIZEOF_INT 4
#define SIZEOF_LONG 8
#define SIZEOF_UNSIGNED_LONG 8
#define SIZEOF_VOID_P 8
#define NO_ASSERT
#define LOCAL_INLINES
#define HAVE_CMOV
#define SCP
#define BUBBLES

configure: exit 0
